<?xml version="1.0" encoding="UTF-8"?>
<testsuite xmlns:xsi="http://www.w3.org/2001/XMLSchema-instance" xsi:noNamespaceSchemaLocation="https://maven.apache.org/surefire/maven-surefire-plugin/xsd/surefire-test-report.xsd" name="com.compaid.spectrum.CucumberTestRunner" time="9.768" tests="30" errors="0" skipped="2" failures="4">
  <properties>
[...]
</properties>
  <testcase name="Given that user is on the app Home Page" classname="| tar | rat |" time="0.001"/>
  <testcase name="And selects &quot;anagram&quot;" classname="| tar | rat |" time="0"/>
  <testcase name="When user enters a &quot;tar&quot;" classname="| tar | rat |" time="0"/>
  <testcase name="And submits word entry" classname="| tar | rat |" time="0"/>
  <testcase name="Then generated word forms another &quot;rat&quot; as defined by anagram" classname="| tar | rat |" time="0.003">
    <failure message="[ Anagram_word Comparison Check] &#10;Expecting:&#10; &lt;&quot;5 potential anagrams:&#10;tar&#10;art&#10;atr&#10;tra&#10;rta&quot;&gt;&#10;to contain:&#10; &lt;&quot;rat&quot;&gt;&#10; (ignoring case)" type="java.lang.AssertionError"><![CDATA[java.lang.AssertionError: 
[ Anagram_word Comparison Check] 
Expecting:
 <"5 potential anagrams:
tar
art
atr
tra
rta">
to contain:
 <"rat">
 (ignoring case)
]]></failure>
    <system-err><![CDATA[[main] INFO helper.Log - Returned text  '5 potential anagrams:
tar
art
atr
tra
rta' for element 'anagramResult'
[main] INFO helper.Log - anagramValue: 5 potential anagrams:
tar
art
atr
tra
rta
]]></system-err>
  </testcase>
  <testcase name="| tar | rat |" classname="| tar | rat |" time="0.003">
    <failure message="[ Anagram_word Comparison Check] &#10;Expecting:&#10; &lt;&quot;5 potential anagrams:&#10;tar&#10;art&#10;atr&#10;tra&#10;rta&quot;&gt;&#10;to contain:&#10; &lt;&quot;rat&quot;&gt;&#10; (ignoring case)" type="java.lang.AssertionError"><![CDATA[java.lang.AssertionError: 
[ Anagram_word Comparison Check] 
Expecting:
 <"5 potential anagrams:
tar
art
atr
tra
rta">
to contain:
 <"rat">
 (ignoring case)
]]></failure>
  </testcase>
  <testcase name="And user closes app Home Page" classname="| tar | rat |" time="0">
    <skipped/>
  </testcase>
  <testcase name="Given that user is on the app Home Page" classname="| stressed | desserts |" time="0"/>
  <testcase name="And selects &quot;anagram&quot;" classname="| stressed | desserts |" time="0"/>
  <testcase name="When user enters a &quot;stressed&quot;" classname="| stressed | desserts |" time="0"/>
  <testcase name="And submits word entry" classname="| stressed | desserts |" time="0"/>
  <testcase name="Then generated word forms another &quot;desserts&quot; as defined by anagram" classname="| stressed | desserts |" time="0.001">
    <failure message="[ Anagram_word Comparison Check] &#10;Expecting:&#10; &lt;&quot;5 potential anagrams:&#10;stesrdse&#10;dssertse&#10;seedsrst&#10;tdesrses&#10;dreestss&quot;&gt;&#10;to contain:&#10; &lt;&quot;desserts&quot;&gt;&#10; (ignoring case)" type="java.lang.AssertionError"><![CDATA[java.lang.AssertionError: 
[ Anagram_word Comparison Check] 
Expecting:
 <"5 potential anagrams:
stesrdse
dssertse
seedsrst
tdesrses
dreestss">
to contain:
 <"desserts">
 (ignoring case)
]]></failure>
    <system-err><![CDATA[[main] INFO helper.Log - Returned text  '5 potential anagrams:
stesrdse
dssertse
seedsrst
tdesrses
dreestss' for element 'anagramResult'
[main] INFO helper.Log - anagramValue: 5 potential anagrams:
stesrdse
dssertse
seedsrst
tdesrses
dreestss
]]></system-err>
  </testcase>
  <testcase name="| stressed | desserts |" classname="| stressed | desserts |" time="0.001">
    <failure message="[ Anagram_word Comparison Check] &#10;Expecting:&#10; &lt;&quot;5 potential anagrams:&#10;stesrdse&#10;dssertse&#10;seedsrst&#10;tdesrses&#10;dreestss&quot;&gt;&#10;to contain:&#10; &lt;&quot;desserts&quot;&gt;&#10; (ignoring case)" type="java.lang.AssertionError"><![CDATA[java.lang.AssertionError: 
[ Anagram_word Comparison Check] 
Expecting:
 <"5 potential anagrams:
stesrdse
dssertse
seedsrst
tdesrses
dreestss">
to contain:
 <"desserts">
 (ignoring case)
]]></failure>
  </testcase>
  <testcase name="And user closes app Home Page" classname="| stressed | desserts |" time="0">
    <skipped/>
  </testcase>
  <testcase name="Given user is on the &quot;PalindromePage&quot;" classname="Scenario: login app" time="0"/>
  <testcase name="Scenario: login app" classname="Scenario: login app" time="0.002"/>
  <testcase name="Given that user is on the app Home Page" classname="| madam |" time="0"/>
  <testcase name="And selects &quot;palindrome&quot;" classname="| madam |" time="0"/>
  <testcase name="When user enters a &quot;madam&quot;" classname="| madam |" time="0"/>
  <testcase name="And submits word entry" classname="| madam |" time="0"/>
  <testcase name="Then generated word reads the same backward as it does forward as defined by Palindrome" classname="| madam |" time="0.001"/>
  <testcase name="And user closes app Home Page" classname="| madam |" time="0"/>
  <testcase name="| madam |" classname="| madam |" time="0.001"/>
  <testcase name="Given that user is on the app Home Page" classname="| civic |" time="0"/>
  <testcase name="And selects &quot;palindrome&quot;" classname="| civic |" time="0"/>
  <testcase name="When user enters a &quot;civic&quot;" classname="| civic |" time="0"/>
  <testcase name="And submits word entry" classname="| civic |" time="0"/>
  <testcase name="Then generated word reads the same backward as it does forward as defined by Palindrome" classname="| civic |" time="0"/>
  <testcase name="And user closes app Home Page" classname="| civic |" time="0"/>
  <testcase name="| civic |" classname="| civic |" time="0.001"/>
</testsuite>